<?xml version="1.0" encoding="UTF-8"?>
<testng-results skipped="0" failed="0" total="1" passed="1">
  <reporter-output>
  </reporter-output>
  <suite name="Suite" duration-ms="31675" started-at="2020-01-14T15:35:45Z" finished-at="2020-01-14T15:36:16Z">
    <groups>
      <group name="cucumber">
        <method signature="AbstractTestNGCucumberTests.feature(cucumber.api.testng.CucumberFeatureWrapper)[pri:0, instance:com.cucumber.framework.runner.MyRunner@472a11ae]" name="feature" class="cucumber.api.testng.AbstractTestNGCucumberTests"/>
      </group> <!-- cucumber -->
    </groups>
    <test name="Test - 1" duration-ms="31675" started-at="2020-01-14T15:35:45Z" finished-at="2020-01-14T15:36:16Z">
      <class name="com.cucumber.framework.runner.MyRunner">
        <test-method status="PASS" signature="setUpClass()[pri:0, instance:com.cucumber.framework.runner.MyRunner@472a11ae]" name="setUpClass" is-config="true" duration-ms="872" started-at="2020-01-14T16:35:45Z" finished-at="2020-01-14T16:35:46Z">
          <reporter-output>
          </reporter-output>
        </test-method> <!-- setUpClass -->
        <test-method status="PASS" signature="feature(cucumber.api.testng.CucumberFeatureWrapper)[pri:0, instance:com.cucumber.framework.runner.MyRunner@472a11ae]" name="feature" duration-ms="30353" started-at="2020-01-14T16:35:46Z" description="Runs Cucumber Feature" data-provider="features" finished-at="2020-01-14T16:36:16Z">
          <params>
            <param index="0">
              <value>
                <![CDATA[basket]]>
              </value>
            </param>
          </params>
          <reporter-output>
          </reporter-output>
        </test-method> <!-- feature -->
        <test-method status="PASS" signature="tearDownClass()[pri:0, instance:com.cucumber.framework.runner.MyRunner@472a11ae]" name="tearDownClass" is-config="true" duration-ms="38" started-at="2020-01-14T16:36:16Z" finished-at="2020-01-14T16:36:16Z">
          <reporter-output>
          </reporter-output>
        </test-method> <!-- tearDownClass -->
      </class> <!-- com.cucumber.framework.runner.MyRunner -->
    </test> <!-- Test - 1 -->
  </suite> <!-- Suite -->
</testng-results>
